Build started 01/07/2016 17:25:45.
     1>Project "C:\Users\LAPTOP\Desktop\Ajedrez-Andrey Arguedas-Derian Sibaja\Ajedrez-Programacion 2-Andrey Arguedas-Derian Sibaja\Ajedrez\Ajedrez.vcxproj" on node 2 (Build target(s)).
     1>ClCompile:
         C:\Program Files (x86)\Microsoft Visual Studio 11.0\VC\bin\CL.exe /c /ZI /nologo /W3 /WX- /Od /Oy- /D _MBCS /Gm /EHsc /RTC1 /MT /GS /fp:precise /Zc:wchar_t /Zc:forScope /Fo"Debug\\" /Fd"Debug\vc110.pdb" /Gd /TP /analyze- /errorReport:prompt Alfil.cpp Caballo.cpp Control.cpp Interfaz.cpp main.cpp Peon.cpp Pieza.cpp Reina.cpp Rey.cpp Torre.cpp
         Torre.cpp
         Rey.cpp
         Reina.cpp
         Pieza.cpp
         Peon.cpp
         main.cpp
         Interfaz.cpp
         Control.cpp
     1>c:\users\laptop\desktop\ajedrez-andrey arguedas-derian sibaja\ajedrez-programacion 2-andrey arguedas-derian sibaja\ajedrez\control.cpp(189): warning C4101: 'mouseState' : unreferenced local variable
         Caballo.cpp
         Alfil.cpp
         Generating Code...
     1>c:\users\laptop\desktop\ajedrez-andrey arguedas-derian sibaja\ajedrez-programacion 2-andrey arguedas-derian sibaja\ajedrez\control.cpp(335): warning C4715: 'Control::pasarLetraANumeros' : not all control paths return a value
     1>c:\users\laptop\desktop\ajedrez-andrey arguedas-derian sibaja\ajedrez-programacion 2-andrey arguedas-derian sibaja\ajedrez\control.cpp(346): warning C4715: 'Control::pasarNumALetra' : not all control paths return a value
     1>c:\users\laptop\desktop\ajedrez-andrey arguedas-derian sibaja\ajedrez-programacion 2-andrey arguedas-derian sibaja\ajedrez\control.cpp(406): warning C4715: 'Control::convertidorFila' : not all control paths return a value
     1>c:\users\laptop\desktop\ajedrez-andrey arguedas-derian sibaja\ajedrez-programacion 2-andrey arguedas-derian sibaja\ajedrez\pieza.cpp(57): warning C4715: 'Pieza::convertirColumnaAletra' : not all control paths return a value
     1>c:\users\laptop\desktop\ajedrez-andrey arguedas-derian sibaja\ajedrez-programacion 2-andrey arguedas-derian sibaja\ajedrez\reina.cpp(70): warning C4715: 'Reina::validarMovimientoFilas' : not all control paths return a value
     1>c:\users\laptop\desktop\ajedrez-andrey arguedas-derian sibaja\ajedrez-programacion 2-andrey arguedas-derian sibaja\ajedrez\reina.cpp(85): warning C4715: 'Reina::validarMovimientoColumnas' : not all control paths return a value
     1>c:\users\laptop\desktop\ajedrez-andrey arguedas-derian sibaja\ajedrez-programacion 2-andrey arguedas-derian sibaja\ajedrez\rey.cpp(47): warning C4715: 'Rey::movimientoNormal' : not all control paths return a value
     1>c:\users\laptop\desktop\ajedrez-andrey arguedas-derian sibaja\ajedrez-programacion 2-andrey arguedas-derian sibaja\ajedrez\torre.cpp(54): warning C4715: 'Torre::validarMovimientoFilas' : not all control paths return a value
     1>c:\users\laptop\desktop\ajedrez-andrey arguedas-derian sibaja\ajedrez-programacion 2-andrey arguedas-derian sibaja\ajedrez\torre.cpp(69): warning C4715: 'Torre::validarMovimientoColumnas' : not all control paths return a value
       Link:
         C:\Program Files (x86)\Microsoft Visual Studio 11.0\VC\bin\link.exe /ERRORREPORT:PROMPT /OUT:"C:\Users\LAPTOP\Desktop\Ajedrez-Andrey Arguedas-Derian Sibaja\Ajedrez-Programacion 2-Andrey Arguedas-Derian Sibaja\Debug\Ajedrez.exe" /INCREMENTAL /NOLOGO "allegro-5.0.7-monolith-mt.lib" kernel32.lib user32.lib gdi32.lib winspool.lib comdlg32.lib advapi32.lib shell32.lib ole32.lib oleaut32.lib uuid.lib odbc32.lib odbccp32.lib /MANIFEST /MANIFESTUAC:"level='asInvoker' uiAccess='false'" /manifest:embed /DEBUG /PDB:"C:\Users\LAPTOP\Desktop\Ajedrez-Andrey Arguedas-Derian Sibaja\Ajedrez-Programacion 2-Andrey Arguedas-Derian Sibaja\Debug\Ajedrez.pdb" /SUBSYSTEM:CONSOLE /TLBID:1 /DYNAMICBASE /NXCOMPAT /IMPLIB:"C:\Users\LAPTOP\Desktop\Ajedrez-Andrey Arguedas-Derian Sibaja\Ajedrez-Programacion 2-Andrey Arguedas-Derian Sibaja\Debug\Ajedrez.lib" /MACHINE:X86 Debug\Alfil.obj
         Debug\Caballo.obj
         Debug\Control.obj
         Debug\Interfaz.obj
         Debug\main.obj
         Debug\Peon.obj
         Debug\Pieza.obj
         Debug\Reina.obj
         Debug\Rey.obj
         Debug\Torre.obj
         Ajedrez.vcxproj -> C:\Users\LAPTOP\Desktop\Ajedrez-Andrey Arguedas-Derian Sibaja\Ajedrez-Programacion 2-Andrey Arguedas-Derian Sibaja\Debug\Ajedrez.exe
     1>Done Building Project "C:\Users\LAPTOP\Desktop\Ajedrez-Andrey Arguedas-Derian Sibaja\Ajedrez-Programacion 2-Andrey Arguedas-Derian Sibaja\Ajedrez\Ajedrez.vcxproj" (Build target(s)).

Build succeeded.

Time Elapsed 00:00:50.26
