C:\USERS\DER12\DESKTOP\PROYECTO II\AJEDREZ 90%\AJEDREZ\DEBUG\ALFIL.OBJ
C:\USERS\DER12\DESKTOP\PROYECTO II\AJEDREZ 90%\AJEDREZ\DEBUG\CABALLO.OBJ
C:\USERS\DER12\DESKTOP\PROYECTO II\AJEDREZ 90%\AJEDREZ\DEBUG\CONTROL.OBJ
C:\USERS\DER12\DESKTOP\PROYECTO II\AJEDREZ 90%\AJEDREZ\DEBUG\INTERFAZ.OBJ
C:\USERS\DER12\DESKTOP\PROYECTO II\AJEDREZ 90%\AJEDREZ\DEBUG\MAIN.OBJ
C:\USERS\DER12\DESKTOP\PROYECTO II\AJEDREZ 90%\AJEDREZ\DEBUG\PEON.OBJ
C:\USERS\DER12\DESKTOP\PROYECTO II\AJEDREZ 90%\AJEDREZ\DEBUG\PIEZA.OBJ
C:\USERS\DER12\DESKTOP\PROYECTO II\AJEDREZ 90%\AJEDREZ\DEBUG\REINA.OBJ
C:\USERS\DER12\DESKTOP\PROYECTO II\AJEDREZ 90%\AJEDREZ\DEBUG\REY.OBJ
C:\USERS\DER12\DESKTOP\PROYECTO II\AJEDREZ 90%\AJEDREZ\DEBUG\TORRE.OBJ
C:\USERS\DER12\DESKTOP\PROYECTO II\AJEDREZ 90%\AJEDREZ\DEBUG\VC110.PDB
C:\USERS\DER12\DESKTOP\PROYECTO II\AJEDREZ 90%\DEBUG\AJEDREZ.ILK
C:\USERS\DER12\DESKTOP\PROYECTO II\AJEDREZ 90%\DEBUG\AJEDREZ.EXE
C:\USERS\DER12\DESKTOP\PROYECTO II\AJEDREZ 90%\DEBUG\AJEDREZ.PDB
C:\Users\der12\Desktop\Proyecto II\Ajedrez 90%\Ajedrez\Debug\Alfil.obj
C:\Users\der12\Desktop\Proyecto II\Ajedrez 90%\Ajedrez\Debug\Caballo.obj
C:\Users\der12\Desktop\Proyecto II\Ajedrez 90%\Ajedrez\Debug\Control.obj
C:\Users\der12\Desktop\Proyecto II\Ajedrez 90%\Ajedrez\Debug\Interfaz.obj
C:\Users\der12\Desktop\Proyecto II\Ajedrez 90%\Ajedrez\Debug\main.obj
C:\Users\der12\Desktop\Proyecto II\Ajedrez 90%\Ajedrez\Debug\Peon.obj
C:\Users\der12\Desktop\Proyecto II\Ajedrez 90%\Ajedrez\Debug\Pieza.obj
C:\Users\der12\Desktop\Proyecto II\Ajedrez 90%\Ajedrez\Debug\Reina.obj
C:\Users\der12\Desktop\Proyecto II\Ajedrez 90%\Ajedrez\Debug\Rey.obj
C:\Users\der12\Desktop\Proyecto II\Ajedrez 90%\Ajedrez\Debug\Torre.obj
C:\Users\der12\Desktop\Proyecto II\Ajedrez 90%\Ajedrez\Debug\cl.command.1.tlog
C:\Users\der12\Desktop\Proyecto II\Ajedrez 90%\Ajedrez\Debug\CL.read.1.tlog
C:\Users\der12\Desktop\Proyecto II\Ajedrez 90%\Ajedrez\Debug\CL.write.1.tlog
C:\Users\der12\Desktop\Proyecto II\Ajedrez 90%\Ajedrez\Debug\link-cvtres.read.1.tlog
C:\Users\der12\Desktop\Proyecto II\Ajedrez 90%\Ajedrez\Debug\link-cvtres.write.1.tlog
C:\Users\der12\Desktop\Proyecto II\Ajedrez 90%\Ajedrez\Debug\link-rc.read.1.tlog
C:\Users\der12\Desktop\Proyecto II\Ajedrez 90%\Ajedrez\Debug\link-rc.write.1.tlog
C:\Users\der12\Desktop\Proyecto II\Ajedrez 90%\Ajedrez\Debug\link.11712-cvtres.read.1.tlog
C:\Users\der12\Desktop\Proyecto II\Ajedrez 90%\Ajedrez\Debug\link.11712-cvtres.write.1.tlog
C:\Users\der12\Desktop\Proyecto II\Ajedrez 90%\Ajedrez\Debug\link.11712-rc.read.1.tlog
C:\Users\der12\Desktop\Proyecto II\Ajedrez 90%\Ajedrez\Debug\link.11712-rc.write.1.tlog
C:\Users\der12\Desktop\Proyecto II\Ajedrez 90%\Ajedrez\Debug\link.11712.read.1.tlog
C:\Users\der12\Desktop\Proyecto II\Ajedrez 90%\Ajedrez\Debug\link.11712.write.1.tlog
C:\Users\der12\Desktop\Proyecto II\Ajedrez 90%\Ajedrez\Debug\link.1980-cvtres.read.1.tlog
C:\Users\der12\Desktop\Proyecto II\Ajedrez 90%\Ajedrez\Debug\link.1980-cvtres.write.1.tlog
C:\Users\der12\Desktop\Proyecto II\Ajedrez 90%\Ajedrez\Debug\link.1980-rc.read.1.tlog
C:\Users\der12\Desktop\Proyecto II\Ajedrez 90%\Ajedrez\Debug\link.1980-rc.write.1.tlog
C:\Users\der12\Desktop\Proyecto II\Ajedrez 90%\Ajedrez\Debug\link.1980.read.1.tlog
C:\Users\der12\Desktop\Proyecto II\Ajedrez 90%\Ajedrez\Debug\link.1980.write.1.tlog
C:\Users\der12\Desktop\Proyecto II\Ajedrez 90%\Ajedrez\Debug\link.2232-cvtres.read.1.tlog
C:\Users\der12\Desktop\Proyecto II\Ajedrez 90%\Ajedrez\Debug\link.2232-cvtres.write.1.tlog
C:\Users\der12\Desktop\Proyecto II\Ajedrez 90%\Ajedrez\Debug\link.2232-rc.read.1.tlog
C:\Users\der12\Desktop\Proyecto II\Ajedrez 90%\Ajedrez\Debug\link.2232-rc.write.1.tlog
C:\Users\der12\Desktop\Proyecto II\Ajedrez 90%\Ajedrez\Debug\link.2232.read.1.tlog
C:\Users\der12\Desktop\Proyecto II\Ajedrez 90%\Ajedrez\Debug\link.2232.write.1.tlog
C:\Users\der12\Desktop\Proyecto II\Ajedrez 90%\Ajedrez\Debug\link.2576-cvtres.read.1.tlog
C:\Users\der12\Desktop\Proyecto II\Ajedrez 90%\Ajedrez\Debug\link.2576-cvtres.write.1.tlog
C:\Users\der12\Desktop\Proyecto II\Ajedrez 90%\Ajedrez\Debug\link.2576-rc.read.1.tlog
C:\Users\der12\Desktop\Proyecto II\Ajedrez 90%\Ajedrez\Debug\link.2576-rc.write.1.tlog
C:\Users\der12\Desktop\Proyecto II\Ajedrez 90%\Ajedrez\Debug\link.2576.read.1.tlog
C:\Users\der12\Desktop\Proyecto II\Ajedrez 90%\Ajedrez\Debug\link.2576.write.1.tlog
C:\Users\der12\Desktop\Proyecto II\Ajedrez 90%\Ajedrez\Debug\link.3256-cvtres.read.1.tlog
C:\Users\der12\Desktop\Proyecto II\Ajedrez 90%\Ajedrez\Debug\link.3256-cvtres.write.1.tlog
C:\Users\der12\Desktop\Proyecto II\Ajedrez 90%\Ajedrez\Debug\link.3256-rc.read.1.tlog
C:\Users\der12\Desktop\Proyecto II\Ajedrez 90%\Ajedrez\Debug\link.3256-rc.write.1.tlog
C:\Users\der12\Desktop\Proyecto II\Ajedrez 90%\Ajedrez\Debug\link.3256.read.1.tlog
C:\Users\der12\Desktop\Proyecto II\Ajedrez 90%\Ajedrez\Debug\link.3256.write.1.tlog
C:\Users\der12\Desktop\Proyecto II\Ajedrez 90%\Ajedrez\Debug\link.3568-cvtres.read.1.tlog
C:\Users\der12\Desktop\Proyecto II\Ajedrez 90%\Ajedrez\Debug\link.3568-cvtres.write.1.tlog
C:\Users\der12\Desktop\Proyecto II\Ajedrez 90%\Ajedrez\Debug\link.3568-rc.read.1.tlog
C:\Users\der12\Desktop\Proyecto II\Ajedrez 90%\Ajedrez\Debug\link.3568-rc.write.1.tlog
C:\Users\der12\Desktop\Proyecto II\Ajedrez 90%\Ajedrez\Debug\link.3568.read.1.tlog
C:\Users\der12\Desktop\Proyecto II\Ajedrez 90%\Ajedrez\Debug\link.3568.write.1.tlog
C:\Users\der12\Desktop\Proyecto II\Ajedrez 90%\Ajedrez\Debug\link.3752-cvtres.read.1.tlog
C:\Users\der12\Desktop\Proyecto II\Ajedrez 90%\Ajedrez\Debug\link.3752-cvtres.write.1.tlog
C:\Users\der12\Desktop\Proyecto II\Ajedrez 90%\Ajedrez\Debug\link.3752-rc.read.1.tlog
C:\Users\der12\Desktop\Proyecto II\Ajedrez 90%\Ajedrez\Debug\link.3752-rc.write.1.tlog
C:\Users\der12\Desktop\Proyecto II\Ajedrez 90%\Ajedrez\Debug\link.3752.read.1.tlog
C:\Users\der12\Desktop\Proyecto II\Ajedrez 90%\Ajedrez\Debug\link.3752.write.1.tlog
C:\Users\der12\Desktop\Proyecto II\Ajedrez 90%\Ajedrez\Debug\link.3800-cvtres.read.1.tlog
C:\Users\der12\Desktop\Proyecto II\Ajedrez 90%\Ajedrez\Debug\link.3800-cvtres.write.1.tlog
C:\Users\der12\Desktop\Proyecto II\Ajedrez 90%\Ajedrez\Debug\link.3800-rc.read.1.tlog
C:\Users\der12\Desktop\Proyecto II\Ajedrez 90%\Ajedrez\Debug\link.3800-rc.write.1.tlog
C:\Users\der12\Desktop\Proyecto II\Ajedrez 90%\Ajedrez\Debug\link.3800.read.1.tlog
C:\Users\der12\Desktop\Proyecto II\Ajedrez 90%\Ajedrez\Debug\link.3800.write.1.tlog
C:\Users\der12\Desktop\Proyecto II\Ajedrez 90%\Ajedrez\Debug\link.3908-cvtres.read.1.tlog
C:\Users\der12\Desktop\Proyecto II\Ajedrez 90%\Ajedrez\Debug\link.3908-cvtres.write.1.tlog
C:\Users\der12\Desktop\Proyecto II\Ajedrez 90%\Ajedrez\Debug\link.3908-rc.read.1.tlog
C:\Users\der12\Desktop\Proyecto II\Ajedrez 90%\Ajedrez\Debug\link.3908-rc.write.1.tlog
C:\Users\der12\Desktop\Proyecto II\Ajedrez 90%\Ajedrez\Debug\link.3908.read.1.tlog
C:\Users\der12\Desktop\Proyecto II\Ajedrez 90%\Ajedrez\Debug\link.3908.write.1.tlog
C:\Users\der12\Desktop\Proyecto II\Ajedrez 90%\Ajedrez\Debug\link.4268-cvtres.read.1.tlog
C:\Users\der12\Desktop\Proyecto II\Ajedrez 90%\Ajedrez\Debug\link.4268-cvtres.write.1.tlog
C:\Users\der12\Desktop\Proyecto II\Ajedrez 90%\Ajedrez\Debug\link.4268-rc.read.1.tlog
C:\Users\der12\Desktop\Proyecto II\Ajedrez 90%\Ajedrez\Debug\link.4268-rc.write.1.tlog
C:\Users\der12\Desktop\Proyecto II\Ajedrez 90%\Ajedrez\Debug\link.4268.read.1.tlog
C:\Users\der12\Desktop\Proyecto II\Ajedrez 90%\Ajedrez\Debug\link.4268.write.1.tlog
C:\Users\der12\Desktop\Proyecto II\Ajedrez 90%\Ajedrez\Debug\link.4728-cvtres.read.1.tlog
C:\Users\der12\Desktop\Proyecto II\Ajedrez 90%\Ajedrez\Debug\link.4728-cvtres.write.1.tlog
C:\Users\der12\Desktop\Proyecto II\Ajedrez 90%\Ajedrez\Debug\link.4728-rc.read.1.tlog
C:\Users\der12\Desktop\Proyecto II\Ajedrez 90%\Ajedrez\Debug\link.4728-rc.write.1.tlog
C:\Users\der12\Desktop\Proyecto II\Ajedrez 90%\Ajedrez\Debug\link.4728.read.1.tlog
C:\Users\der12\Desktop\Proyecto II\Ajedrez 90%\Ajedrez\Debug\link.4728.write.1.tlog
C:\Users\der12\Desktop\Proyecto II\Ajedrez 90%\Ajedrez\Debug\link.4788-cvtres.read.1.tlog
C:\Users\der12\Desktop\Proyecto II\Ajedrez 90%\Ajedrez\Debug\link.4788-cvtres.write.1.tlog
C:\Users\der12\Desktop\Proyecto II\Ajedrez 90%\Ajedrez\Debug\link.4788-rc.read.1.tlog
C:\Users\der12\Desktop\Proyecto II\Ajedrez 90%\Ajedrez\Debug\link.4788-rc.write.1.tlog
C:\Users\der12\Desktop\Proyecto II\Ajedrez 90%\Ajedrez\Debug\link.4788.read.1.tlog
C:\Users\der12\Desktop\Proyecto II\Ajedrez 90%\Ajedrez\Debug\link.4788.write.1.tlog
C:\Users\der12\Desktop\Proyecto II\Ajedrez 90%\Ajedrez\Debug\link.4856-cvtres.read.1.tlog
C:\Users\der12\Desktop\Proyecto II\Ajedrez 90%\Ajedrez\Debug\link.4856-cvtres.write.1.tlog
C:\Users\der12\Desktop\Proyecto II\Ajedrez 90%\Ajedrez\Debug\link.4856-rc.read.1.tlog
C:\Users\der12\Desktop\Proyecto II\Ajedrez 90%\Ajedrez\Debug\link.4856-rc.write.1.tlog
C:\Users\der12\Desktop\Proyecto II\Ajedrez 90%\Ajedrez\Debug\link.4856.read.1.tlog
C:\Users\der12\Desktop\Proyecto II\Ajedrez 90%\Ajedrez\Debug\link.4856.write.1.tlog
C:\Users\der12\Desktop\Proyecto II\Ajedrez 90%\Ajedrez\Debug\link.5116-cvtres.read.1.tlog
C:\Users\der12\Desktop\Proyecto II\Ajedrez 90%\Ajedrez\Debug\link.5116-cvtres.write.1.tlog
C:\Users\der12\Desktop\Proyecto II\Ajedrez 90%\Ajedrez\Debug\link.5116-rc.read.1.tlog
C:\Users\der12\Desktop\Proyecto II\Ajedrez 90%\Ajedrez\Debug\link.5116-rc.write.1.tlog
C:\Users\der12\Desktop\Proyecto II\Ajedrez 90%\Ajedrez\Debug\link.5116.read.1.tlog
C:\Users\der12\Desktop\Proyecto II\Ajedrez 90%\Ajedrez\Debug\link.5116.write.1.tlog
C:\Users\der12\Desktop\Proyecto II\Ajedrez 90%\Ajedrez\Debug\link.5360-cvtres.read.1.tlog
C:\Users\der12\Desktop\Proyecto II\Ajedrez 90%\Ajedrez\Debug\link.5360-cvtres.write.1.tlog
C:\Users\der12\Desktop\Proyecto II\Ajedrez 90%\Ajedrez\Debug\link.5360-rc.read.1.tlog
C:\Users\der12\Desktop\Proyecto II\Ajedrez 90%\Ajedrez\Debug\link.5360-rc.write.1.tlog
C:\Users\der12\Desktop\Proyecto II\Ajedrez 90%\Ajedrez\Debug\link.5360.read.1.tlog
C:\Users\der12\Desktop\Proyecto II\Ajedrez 90%\Ajedrez\Debug\link.5360.write.1.tlog
C:\Users\der12\Desktop\Proyecto II\Ajedrez 90%\Ajedrez\Debug\link.5828-cvtres.read.1.tlog
C:\Users\der12\Desktop\Proyecto II\Ajedrez 90%\Ajedrez\Debug\link.5828-cvtres.write.1.tlog
C:\Users\der12\Desktop\Proyecto II\Ajedrez 90%\Ajedrez\Debug\link.5828-rc.read.1.tlog
C:\Users\der12\Desktop\Proyecto II\Ajedrez 90%\Ajedrez\Debug\link.5828-rc.write.1.tlog
C:\Users\der12\Desktop\Proyecto II\Ajedrez 90%\Ajedrez\Debug\link.5828.read.1.tlog
C:\Users\der12\Desktop\Proyecto II\Ajedrez 90%\Ajedrez\Debug\link.5828.write.1.tlog
C:\Users\der12\Desktop\Proyecto II\Ajedrez 90%\Ajedrez\Debug\link.5832-cvtres.read.1.tlog
C:\Users\der12\Desktop\Proyecto II\Ajedrez 90%\Ajedrez\Debug\link.5832-cvtres.write.1.tlog
C:\Users\der12\Desktop\Proyecto II\Ajedrez 90%\Ajedrez\Debug\link.5832-rc.read.1.tlog
C:\Users\der12\Desktop\Proyecto II\Ajedrez 90%\Ajedrez\Debug\link.5832-rc.write.1.tlog
C:\Users\der12\Desktop\Proyecto II\Ajedrez 90%\Ajedrez\Debug\link.5832.read.1.tlog
C:\Users\der12\Desktop\Proyecto II\Ajedrez 90%\Ajedrez\Debug\link.5832.write.1.tlog
C:\Users\der12\Desktop\Proyecto II\Ajedrez 90%\Ajedrez\Debug\link.5860-cvtres.read.1.tlog
C:\Users\der12\Desktop\Proyecto II\Ajedrez 90%\Ajedrez\Debug\link.5860-cvtres.write.1.tlog
C:\Users\der12\Desktop\Proyecto II\Ajedrez 90%\Ajedrez\Debug\link.5860-rc.read.1.tlog
C:\Users\der12\Desktop\Proyecto II\Ajedrez 90%\Ajedrez\Debug\link.5860-rc.write.1.tlog
C:\Users\der12\Desktop\Proyecto II\Ajedrez 90%\Ajedrez\Debug\link.5860.read.1.tlog
C:\Users\der12\Desktop\Proyecto II\Ajedrez 90%\Ajedrez\Debug\link.5860.write.1.tlog
C:\Users\der12\Desktop\Proyecto II\Ajedrez 90%\Ajedrez\Debug\link.6404-cvtres.read.1.tlog
C:\Users\der12\Desktop\Proyecto II\Ajedrez 90%\Ajedrez\Debug\link.6404-cvtres.write.1.tlog
C:\Users\der12\Desktop\Proyecto II\Ajedrez 90%\Ajedrez\Debug\link.6404-rc.read.1.tlog
C:\Users\der12\Desktop\Proyecto II\Ajedrez 90%\Ajedrez\Debug\link.6404-rc.write.1.tlog
C:\Users\der12\Desktop\Proyecto II\Ajedrez 90%\Ajedrez\Debug\link.6404.read.1.tlog
C:\Users\der12\Desktop\Proyecto II\Ajedrez 90%\Ajedrez\Debug\link.6404.write.1.tlog
C:\Users\der12\Desktop\Proyecto II\Ajedrez 90%\Ajedrez\Debug\link.660-cvtres.read.1.tlog
C:\Users\der12\Desktop\Proyecto II\Ajedrez 90%\Ajedrez\Debug\link.660-cvtres.write.1.tlog
C:\Users\der12\Desktop\Proyecto II\Ajedrez 90%\Ajedrez\Debug\link.660-rc.read.1.tlog
C:\Users\der12\Desktop\Proyecto II\Ajedrez 90%\Ajedrez\Debug\link.660-rc.write.1.tlog
C:\Users\der12\Desktop\Proyecto II\Ajedrez 90%\Ajedrez\Debug\link.660.read.1.tlog
C:\Users\der12\Desktop\Proyecto II\Ajedrez 90%\Ajedrez\Debug\link.660.write.1.tlog
C:\Users\der12\Desktop\Proyecto II\Ajedrez 90%\Ajedrez\Debug\link.6748-cvtres.read.1.tlog
C:\Users\der12\Desktop\Proyecto II\Ajedrez 90%\Ajedrez\Debug\link.6748-cvtres.write.1.tlog
C:\Users\der12\Desktop\Proyecto II\Ajedrez 90%\Ajedrez\Debug\link.6748-rc.read.1.tlog
C:\Users\der12\Desktop\Proyecto II\Ajedrez 90%\Ajedrez\Debug\link.6748-rc.write.1.tlog
C:\Users\der12\Desktop\Proyecto II\Ajedrez 90%\Ajedrez\Debug\link.6748.read.1.tlog
C:\Users\der12\Desktop\Proyecto II\Ajedrez 90%\Ajedrez\Debug\link.6748.write.1.tlog
C:\Users\der12\Desktop\Proyecto II\Ajedrez 90%\Ajedrez\Debug\link.7064-cvtres.read.1.tlog
C:\Users\der12\Desktop\Proyecto II\Ajedrez 90%\Ajedrez\Debug\link.7064-cvtres.write.1.tlog
C:\Users\der12\Desktop\Proyecto II\Ajedrez 90%\Ajedrez\Debug\link.7064-rc.read.1.tlog
C:\Users\der12\Desktop\Proyecto II\Ajedrez 90%\Ajedrez\Debug\link.7064-rc.write.1.tlog
C:\Users\der12\Desktop\Proyecto II\Ajedrez 90%\Ajedrez\Debug\link.7064.read.1.tlog
C:\Users\der12\Desktop\Proyecto II\Ajedrez 90%\Ajedrez\Debug\link.7064.write.1.tlog
C:\Users\der12\Desktop\Proyecto II\Ajedrez 90%\Ajedrez\Debug\link.9652-cvtres.read.1.tlog
C:\Users\der12\Desktop\Proyecto II\Ajedrez 90%\Ajedrez\Debug\link.9652-cvtres.write.1.tlog
C:\Users\der12\Desktop\Proyecto II\Ajedrez 90%\Ajedrez\Debug\link.9652-rc.read.1.tlog
C:\Users\der12\Desktop\Proyecto II\Ajedrez 90%\Ajedrez\Debug\link.9652-rc.write.1.tlog
C:\Users\der12\Desktop\Proyecto II\Ajedrez 90%\Ajedrez\Debug\link.9652.read.1.tlog
C:\Users\der12\Desktop\Proyecto II\Ajedrez 90%\Ajedrez\Debug\link.9652.write.1.tlog
C:\Users\der12\Desktop\Proyecto II\Ajedrez 90%\Ajedrez\Debug\link.command.1.tlog
C:\Users\der12\Desktop\Proyecto II\Ajedrez 90%\Ajedrez\Debug\link.read.1.tlog
C:\Users\der12\Desktop\Proyecto II\Ajedrez 90%\Ajedrez\Debug\link.write.1.tlog
C:\Users\der12\Desktop\Proyecto II\Ajedrez 90%\Ajedrez\Debug\vc110.idb
C:\Users\der12\Desktop\Proyecto II\Ajedrez 90%\Ajedrez\Debug\vc110.pdb
C:\Users\der12\Desktop\Proyecto II\Ajedrez 90%\Debug\Ajedrez.pdb
C:\Users\der12\Desktop\Proyecto II\Ajedrez 90%\Debug\Ajedrez.exe
C:\Users\der12\Desktop\Proyecto II\Ajedrez 90%\Debug\Ajedrez.ilk
